<?xml version="1.0" encoding="UTF-8"?>
<testng-results ignored="0" total="10" passed="10" failed="0" skipped="0">
  <reporter-output>
  </reporter-output>
  <suite started-at="2023-09-28T17:11:04 GMT+07:00" name="Suite" finished-at="2023-09-28T17:11:21 GMT+07:00" duration-ms="16662">
    <groups>
    </groups>
    <test started-at="2023-09-28T17:11:04 GMT+07:00" name="LoginTest" finished-at="2023-09-28T17:11:21 GMT+07:00" duration-ms="16117">
      <class name="com.api.auto.testcase.TC_API_Login">
        <test-method is-config="true" signature="intit()[pri:0, instance:com.api.auto.testcase.TC_API_Login@c8c12ac]" started-at="2023-09-28T17:11:04 GMT+07:00" name="intit" finished-at="2023-09-28T17:11:06 GMT+07:00" duration-ms="1324" status="PASS">
          <reporter-output>
          </reporter-output>
        </test-method> <!-- intit -->
        <test-method is-config="true" signature="init()[pri:0, instance:com.api.auto.testcase.TC_API_Login@c8c12ac]" started-at="2023-09-28T17:11:06 GMT+07:00" name="init" finished-at="2023-09-28T17:11:17 GMT+07:00" duration-ms="11483" status="PASS">
          <reporter-output>
          </reporter-output>
        </test-method> <!-- init -->
        <test-method signature="TC01_Validate200Ok()[pri:0, instance:com.api.auto.testcase.TC_API_Login@c8c12ac]" started-at="2023-09-28T17:11:17 GMT+07:00" name="TC01_Validate200Ok" finished-at="2023-09-28T17:11:17 GMT+07:00" duration-ms="65" status="PASS">
          <reporter-output>
          </reporter-output>
        </test-method> <!-- TC01_Validate200Ok -->
        <test-method signature="TC02_ValidateMessage()[pri:1, instance:com.api.auto.testcase.TC_API_Login@c8c12ac]" started-at="2023-09-28T17:11:17 GMT+07:00" name="TC02_ValidateMessage" finished-at="2023-09-28T17:11:20 GMT+07:00" duration-ms="2853" status="PASS">
          <reporter-output>
          </reporter-output>
        </test-method> <!-- TC02_ValidateMessage -->
        <test-method signature="TC03_ValidateToken()[pri:2, instance:com.api.auto.testcase.TC_API_Login@c8c12ac]" started-at="2023-09-28T17:11:20 GMT+07:00" name="TC03_ValidateToken" finished-at="2023-09-28T17:11:20 GMT+07:00" duration-ms="31" status="PASS">
          <reporter-output>
          </reporter-output>
        </test-method> <!-- TC03_ValidateToken -->
        <test-method signature="TC05_ValidateUserType()[pri:3, instance:com.api.auto.testcase.TC_API_Login@c8c12ac]" started-at="2023-09-28T17:11:20 GMT+07:00" name="TC05_ValidateUserType" finished-at="2023-09-28T17:11:20 GMT+07:00" duration-ms="45" status="PASS">
          <reporter-output>
          </reporter-output>
        </test-method> <!-- TC05_ValidateUserType -->
        <test-method signature="TC06_ValidateAccount()[pri:4, instance:com.api.auto.testcase.TC_API_Login@c8c12ac]" started-at="2023-09-28T17:11:20 GMT+07:00" name="TC06_ValidateAccount" finished-at="2023-09-28T17:11:21 GMT+07:00" duration-ms="66" status="PASS">
          <reporter-output>
          </reporter-output>
        </test-method> <!-- TC06_ValidateAccount -->
      </class> <!-- com.api.auto.testcase.TC_API_Login -->
    </test> <!-- LoginTest -->
    <test started-at="2023-09-28T17:11:21 GMT+07:00" name="CreateWorkTest" finished-at="2023-09-28T17:11:21 GMT+07:00" duration-ms="442">
      <class name="com.api.auto.testcase.TC_API_CreateWork">
        <test-method is-config="true" signature="intit()[pri:0, instance:com.api.auto.testcase.TC_API_CreateWork@3e694b3f]" started-at="2023-09-28T17:11:21 GMT+07:00" name="intit" finished-at="2023-09-28T17:11:21 GMT+07:00" duration-ms="14" status="PASS">
          <reporter-output>
          </reporter-output>
        </test-method> <!-- intit -->
        <test-method is-config="true" signature="requestcreate()[pri:0, instance:com.api.auto.testcase.TC_API_CreateWork@3e694b3f]" started-at="2023-09-28T17:11:21 GMT+07:00" name="requestcreate" finished-at="2023-09-28T17:11:21 GMT+07:00" duration-ms="248" status="PASS">
          <reporter-output>
          </reporter-output>
        </test-method> <!-- requestcreate -->
        <test-method signature="TC01_Validate201Created()[pri:0, instance:com.api.auto.testcase.TC_API_CreateWork@3e694b3f]" started-at="2023-09-28T17:11:21 GMT+07:00" name="TC01_Validate201Created" finished-at="2023-09-28T17:11:21 GMT+07:00" duration-ms="7" status="PASS">
          <reporter-output>
          </reporter-output>
        </test-method> <!-- TC01_Validate201Created -->
        <test-method signature="TC02_ValidateWorkId()[pri:1, instance:com.api.auto.testcase.TC_API_CreateWork@3e694b3f]" started-at="2023-09-28T17:11:21 GMT+07:00" name="TC02_ValidateWorkId" finished-at="2023-09-28T17:11:21 GMT+07:00" duration-ms="13" status="PASS">
          <reporter-output>
          </reporter-output>
        </test-method> <!-- TC02_ValidateWorkId -->
        <test-method signature="TC03_ValidateNameOfWorkMatched()[pri:2, instance:com.api.auto.testcase.TC_API_CreateWork@3e694b3f]" started-at="2023-09-28T17:11:21 GMT+07:00" name="TC03_ValidateNameOfWorkMatched" finished-at="2023-09-28T17:11:21 GMT+07:00" duration-ms="44" status="PASS">
          <reporter-output>
          </reporter-output>
        </test-method> <!-- TC03_ValidateNameOfWorkMatched -->
        <test-method signature="TC03_ValidateExperienceMatched()[pri:3, instance:com.api.auto.testcase.TC_API_CreateWork@3e694b3f]" started-at="2023-09-28T17:11:21 GMT+07:00" name="TC03_ValidateExperienceMatched" finished-at="2023-09-28T17:11:21 GMT+07:00" duration-ms="53" status="PASS">
          <reporter-output>
          </reporter-output>
        </test-method> <!-- TC03_ValidateExperienceMatched -->
        <test-method signature="TC03_ValidateEducationMatched()[pri:4, instance:com.api.auto.testcase.TC_API_CreateWork@3e694b3f]" started-at="2023-09-28T17:11:21 GMT+07:00" name="TC03_ValidateEducationMatched" finished-at="2023-09-28T17:11:21 GMT+07:00" duration-ms="32" status="PASS">
          <reporter-output>
          </reporter-output>
        </test-method> <!-- TC03_ValidateEducationMatched -->
      </class> <!-- com.api.auto.testcase.TC_API_CreateWork -->
    </test> <!-- CreateWorkTest -->
  </suite> <!-- Suite -->
</testng-results>
